[35m[Appium][39m Welcome to Appium v2.3.0
[35m[Appium][39m Non-default server args:
[35m[Appium][39m { basePath: [32m'/wd/hub'[39m, loglevel: [32m'info'[39m, port: [33m54848[39m }
[35m[Appium][39m Attempting to load driver uiautomator2...
[35m[Appium][39m Appium REST http interface listener started on http://0.0.0.0:54848/wd/hub
[35m[Appium][39m You can provide the following URLs in your client code to connect to this server:
[35m[Appium][39m 	http://192.168.31.84:54848/wd/hub
[35m[Appium][39m 	http://127.0.0.1:54848/wd/hub (only accessible from the same host)
[35m[Appium][39m Available drivers:
[35m[Appium][39m   - uiautomator2@2.35.0 (automationName 'UiAutomator2')
[35m[Appium][39m No plugins have been installed. Use the "appium plugin" command to install the one(s) you want to use.
[38;5;0m[HTTP][0m [37m-->[39m [37mGET[39m [37m/wd/hub/status[39m
[38;5;0m[HTTP][0m [90m{}[39m
[38;5;0m[HTTP][0m [37m<-- GET /wd/hub/status [39m[32m200[39m [90m14 ms - 110[39m
[38;5;0m[HTTP][0m [90m[39m
[38;5;0m[HTTP][0m [37m-->[39m [37mGET[39m [37m/wd/hub/status[39m
[38;5;0m[HTTP][0m [90m{}[39m
[38;5;0m[HTTP][0m [37m<-- GET /wd/hub/status [39m[32m200[39m [90m2 ms - 110[39m
[38;5;0m[HTTP][0m [90m[39m
[38;5;0m[HTTP][0m [37m-->[39m [37mPOST[39m [37m/wd/hub/session[39m
[38;5;0m[HTTP][0m [90m{"desiredCapabilities":{"appium:systemPort":8281,"appium:udid":"emulator-5554","appium:autoGrantPermissions":true,"appium:newCommandTimeout":1800,"appium:platformName":"ANDROID","appium:appActivity":".Settings","appium:deviceName":"emulator-5554 (Android SDK built for x86 - Android 8.1.0)","platformName":"Android","appium:automationName":"uiautomator2","appium:platformVersion":"8.1.0","appium:appPackage":"com.android.settings"},"capabilities":{"firstMatch":[{"appium:appActivity":".Settings","appium:appPackage":"com.android.settings","appium:autoGrantPermissions":true,"appium:automationName":"uiautomator2","appium:deviceName":"emulator-5554 (Android SDK built for x86 - Android 8.1.0)","appium:newCommandTimeout":1800,"appium:platformName":"ANDROID","appium:platformVersion":"8.1.0","appium:systemPort":8281,"appium:udid":"emulator-5554","platformName":"android"}]}}[39m
[38;5;32m[BaseDriver][0m Ignoring capability 'appium:platformName=ANDROID' and using capability 'platformName=android'
[38;5;32m[BaseDriver][0m The capabilities ["platformName"] are standard capabilities and do not require "appium:" prefix
[35m[Appium][39m Attempting to find matching driver for automationName 'uiautomator2' and platformName 'android'
[35m[Appium][39m The 'uiautomator2' driver was installed and matched caps.
[35m[Appium][39m Will require it at C:\Users\slamet.widodo\.appium\node_modules\appium-uiautomator2-driver
[38;5;16m[AppiumDriver@eada][0m Appium v2.3.0 creating new AndroidUiautomator2Driver (v2.35.0) session
[38;5;16m[AppiumDriver@eada][0m Checking BaseDriver versions for Appium and AndroidUiautomator2Driver
[38;5;16m[AppiumDriver@eada][0m Appium's BaseDriver version is 9.4.4
[38;5;16m[AppiumDriver@eada][0m AndroidUiautomator2Driver's BaseDriver version is 9.4.4
[38;5;48m[AndroidUiautomator2Driver@4899 (4dab45e7)][0m Session created with session id: 4dab45e7-0dae-47bd-936f-7ebaba452f42
[38;5;48m[AndroidUiautomator2Driver@4899 (4dab45e7)][0m Starting 'com.android.settings' directly on the device
[38;5;64m[ADB][0m Found 1 'build-tools' folders under 'C:\Users\slamet.widodo\.katalon\tools\android_sdk' (newest first):
[38;5;64m[ADB][0m     C:\Users\slamet.widodo\.katalon\tools\android_sdk\build-tools\29.0.3
[38;5;64m[ADB][0m Using 'adb.exe' from 'C:\Users\slamet.widodo\.katalon\tools\android_sdk\platform-tools\adb.exe'
[38;5;80m[AndroidDriver][0m Retrieving device list
[38;5;80m[AndroidDriver][0m Using device: emulator-5554
[38;5;64m[ADB][0m Using 'adb.exe' from 'C:\Users\slamet.widodo\.katalon\tools\android_sdk\platform-tools\adb.exe'
[38;5;80m[AndroidDriver][0m No app sent in, not parsing package/activity
[38;5;64m[ADB][0m Using 'apksigner.jar' from 'C:\Users\slamet.widodo\.katalon\tools\android_sdk\build-tools\29.0.3\lib\apksigner.jar'
[38;5;64m[ADB][0m 'C:\Users\slamet.widodo\.appium\node_modules\appium-uiautomator2-driver\node_modules\appium-uiautomator2-server\apks\appium-uiautomator2-server-debug-androidTest.apk' is signed with the default certificate
[38;5;64m[ADB][0m 'C:\Users\slamet.widodo\.appium\node_modules\appium-uiautomator2-driver\node_modules\appium-uiautomator2-server\apks\appium-uiautomator2-server-v5.12.17.apk' is signed with the default certificate
[38;5;48m[AndroidUiautomator2Driver@4899 (4dab45e7)][0m Server packages are not going to be (re)installed
[38;5;64m[ADB][0m Adding packages ["io.appium.settings","io.appium.uiautomator2.server","io.appium.uiautomator2.server.test"] to Doze whitelist
[38;5;48m[AndroidUiautomator2Driver@4899 (4dab45e7)][0m Starting UIAutomator2 server 5.12.17
[38;5;48m[AndroidUiautomator2Driver@4899 (4dab45e7)][0m Using UIAutomator2 server from 'C:\Users\slamet.widodo\.appium\node_modules\appium-uiautomator2-driver\node_modules\appium-uiautomator2-server\apks\appium-uiautomator2-server-v5.12.17.apk' and test from 'C:\Users\slamet.widodo\.appium\node_modules\appium-uiautomator2-driver\node_modules\appium-uiautomator2-server\apks\appium-uiautomator2-server-debug-androidTest.apk'
[38;5;48m[AndroidUiautomator2Driver@4899 (4dab45e7)][0m Waiting up to 30000ms for UiAutomator2 to be online...
[38;5;48m[AndroidUiautomator2Driver@4899 (4dab45e7)][0m socket hang up
[38;5;48m[AndroidUiautomator2Driver@4899 (4dab45e7)][0m socket hang up
[38;5;48m[AndroidUiautomator2Driver@4899 (4dab45e7)][0m socket hang up
[38;5;48m[AndroidUiautomator2Driver@4899 (4dab45e7)][0m socket hang up
[38;5;48m[AndroidUiautomator2Driver@4899 (4dab45e7)][0m Determined the downstream protocol as 'W3C'
[38;5;80m[AndroidDriver][0m Screen already unlocked, doing nothing
[38;5;48m[AndroidUiautomator2Driver@4899 (4dab45e7)][0m Starting 'com.android.settings/.Settings and waiting for 'com.android.settings/.Settings'
[38;5;16m[AppiumDriver@eada][0m New AndroidUiautomator2Driver session created successfully, session 4dab45e7-0dae-47bd-936f-7ebaba452f42 added to master session list
[38;5;0m[HTTP][0m [37m<-- POST /wd/hub/session [39m[32m200[39m [90m17695 ms - 1145[39m
[38;5;0m[HTTP][0m [90m[39m
[38;5;0m[HTTP][0m [37m-->[39m [37mGET[39m [37m/wd/hub/session/4dab45e7-0dae-47bd-936f-7ebaba452f42[39m
[38;5;0m[HTTP][0m [90m{}[39m
[38;5;0m[HTTP][0m [37m<-- GET /wd/hub/session/4dab45e7-0dae-47bd-936f-7ebaba452f42 [39m[32m200[39m [90m34 ms - 345[39m
[38;5;0m[HTTP][0m [90m[39m
[38;5;0m[HTTP][0m [37m-->[39m [37mGET[39m [37m/wd/hub/session/4dab45e7-0dae-47bd-936f-7ebaba452f42[39m
[38;5;0m[HTTP][0m [90m{}[39m
[38;5;0m[HTTP][0m [37m<-- GET /wd/hub/session/4dab45e7-0dae-47bd-936f-7ebaba452f42 [39m[32m200[39m [90m43 ms - 345[39m
[38;5;0m[HTTP][0m [90m[39m
[38;5;0m[HTTP][0m [37m-->[39m [37mGET[39m [37m/wd/hub/status[39m
[38;5;0m[HTTP][0m [90m{}[39m
[38;5;0m[HTTP][0m [37m<-- GET /wd/hub/status [39m[32m200[39m [90m3 ms - 110[39m
[38;5;0m[HTTP][0m [90m[39m
[38;5;0m[HTTP][0m [37m-->[39m [37mPOST[39m [37m/wd/hub/session/4dab45e7-0dae-47bd-936f-7ebaba452f42/timeouts[39m
[38;5;0m[HTTP][0m [90m{"implicit":60000}[39m
[38;5;0m[HTTP][0m [37m<-- POST /wd/hub/session/4dab45e7-0dae-47bd-936f-7ebaba452f42/timeouts [39m[32m200[39m [90m10 ms - 14[39m
[38;5;0m[HTTP][0m [90m[39m
[38;5;0m[HTTP][0m [37m-->[39m [37mGET[39m [37m/wd/hub/session/4dab45e7-0dae-47bd-936f-7ebaba452f42/appium/device/system_bars[39m
[38;5;0m[HTTP][0m [90m{}[39m
[38;5;0m[HTTP][0m [37m<-- GET /wd/hub/session/4dab45e7-0dae-47bd-936f-7ebaba452f42/appium/device/system_bars [39m[32m200[39m [90m228 ms - 151[39m
[38;5;0m[HTTP][0m [90m[39m
[38;5;0m[HTTP][0m [37m-->[39m [37mPOST[39m [37m/wd/hub/session/4dab45e7-0dae-47bd-936f-7ebaba452f42/appium/device/activate_app[39m
[38;5;0m[HTTP][0m [90m{"bundleId":"com.solodroid.solomerce"}[39m
[38;5;0m[HTTP][0m [37m<-- POST /wd/hub/session/4dab45e7-0dae-47bd-936f-7ebaba452f42/appium/device/activate_app [39m[32m200[39m [90m366 ms - 14[39m
[38;5;0m[HTTP][0m [90m[39m
[38;5;0m[HTTP][0m [37m-->[39m [37mGET[39m [37m/wd/hub/session/4dab45e7-0dae-47bd-936f-7ebaba452f42/source[39m
[38;5;0m[HTTP][0m [90m{}[39m
[38;5;48m[AndroidUiautomator2Driver@4899 (4dab45e7)][0m Driver proxy active, passing request on via HTTP proxy
[38;5;48m[AndroidUiautomator2Driver@4899 (4dab45e7)][0m Replacing sessionId 997428df-c290-44d5-ba94-ca6eef7703bb with 4dab45e7-0dae-47bd-936f-7ebaba452f42
[38;5;0m[HTTP][0m [37m<-- GET /wd/hub/session/4dab45e7-0dae-47bd-936f-7ebaba452f42/source [39m[32m200[39m [90m1355 ms - 27555[39m
[38;5;0m[HTTP][0m [90m[39m
[38;5;0m[HTTP][0m [37m-->[39m [37mGET[39m [37m/wd/hub/session/4dab45e7-0dae-47bd-936f-7ebaba452f42/screenshot[39m
[38;5;0m[HTTP][0m [90m{}[39m
[38;5;0m[HTTP][0m [37m<-- GET /wd/hub/session/4dab45e7-0dae-47bd-936f-7ebaba452f42/screenshot [39m[32m200[39m [90m666 ms - 154896[39m
[38;5;0m[HTTP][0m [90m[39m
[38;5;0m[HTTP][0m [37m-->[39m [37mPOST[39m [37m/wd/hub/session/4dab45e7-0dae-47bd-936f-7ebaba452f42/elements[39m
[38;5;0m[HTTP][0m [90m{"using":"xpath","value":"//*[@class = 'android.widget.TextView' and (@text = 'MR QC' or . = 'MR QC') and @resource-id = 'com.solodroid.solomerce:id/txt_user_name']"}[39m
[38;5;0m[HTTP][0m [37m<-- POST /wd/hub/session/4dab45e7-0dae-47bd-936f-7ebaba452f42/elements [39m[32m200[39m [90m1489 ms - 139[39m
[38;5;0m[HTTP][0m [90m[39m
[38;5;0m[HTTP][0m [37m-->[39m [37mDELETE[39m [37m/wd/hub/session/4dab45e7-0dae-47bd-936f-7ebaba452f42[39m
[38;5;0m[HTTP][0m [90m{}[39m
[38;5;16m[AppiumDriver@eada][0m Removing session 4dab45e7-0dae-47bd-936f-7ebaba452f42 from our master session list
